{
  "Cucumber Features": {
    "coverage": {
      "/home/ubuntu/CS169-Group31/app/controllers/application_controller.rb": [
        1,
        1,
        1,
        1,
        null
      ],
      "/home/ubuntu/CS169-Group31/app/helpers/application_helper.rb": [
        1,
        null,
        null
      ],
      "/home/ubuntu/CS169-Group31/app/helpers/profiles_helper.rb": [
        1,
        null
      ],
      "/home/ubuntu/CS169-Group31/app/helpers/sessions_helper.rb": [
        1,
        null,
        1,
        9,
        9,
        null,
        null,
        1,
        58,
        58,
        null,
        null,
        1,
        16,
        null,
        null,
        1,
        10,
        null,
        null,
        1,
        147,
        null,
        null,
        1,
        1,
        1,
        null,
        null,
        null
      ],
      "/home/ubuntu/CS169-Group31/app/helpers/static_pages_helper.rb": [
        1,
        null
      ],
      "/home/ubuntu/CS169-Group31/app/helpers/users_helper.rb": [
        1,
        null,
        1,
        21,
        null,
        null,
        null
      ],
      "/home/ubuntu/CS169-Group31/app/admin/surveys.rb": [
        1,
        1,
        1,
        1,
        1,
        1,
        1,
        1,
        1,
        null,
        1,
        null,
        null
      ],
      "/home/ubuntu/CS169-Group31/app/models/survey.rb": [
        1,
        1,
        1,
        1,
        4,
        null,
        null,
        1,
        4,
        4,
        4,
        4,
        4,
        4,
        3,
        3,
        3,
        3,
        3,
        1,
        null,
        2,
        null,
        3,
        2,
        null,
        1,
        null,
        3,
        1,
        null,
        2,
        null,
        3,
        2,
        null,
        1,
        null,
        null,
        1,
        50,
        10,
        null,
        50,
        0,
        null,
        50,
        20,
        null,
        50,
        20,
        null,
        null,
        null,
        4,
        2,
        null,
        2,
        null,
        4,
        2,
        null,
        2,
        null,
        4,
        3,
        null,
        1,
        null,
        4,
        3,
        null,
        1,
        null,
        null,
        4,
        null,
        null,
        null
      ],
      "/home/ubuntu/CS169-Group31/app/admin/dashboard.rb": [
        1,
        null,
        16,
        null,
        7,
        3,
        3,
        3,
        3,
        null,
        null,
        null,
        null,
        null,
        null,
        null,
        null,
        null,
        null,
        null,
        null,
        null,
        null,
        null,
        null,
        null,
        null,
        null,
        null,
        null,
        null,
        null,
        null
      ],
      "/home/ubuntu/CS169-Group31/app/admin/users.rb": [
        1,
        1,
        1,
        1,
        1,
        1,
        1,
        1,
        null,
        1,
        null,
        null
      ],
      "/home/ubuntu/CS169-Group31/app/models/user.rb": [
        1,
        null,
        1,
        null,
        1,
        null,
        1,
        null,
        1,
        1,
        null,
        13,
        1,
        null,
        1,
        1,
        null,
        null,
        1,
        1,
        1,
        1,
        null,
        null,
        null,
        null,
        null,
        1,
        0,
        null,
        null,
        1,
        6,
        null,
        null,
        1,
        null,
        1,
        12,
        null,
        null,
        null,
        null
      ],
      "/home/ubuntu/CS169-Group31/app/admin/admin_user.rb": [
        1,
        1,
        1,
        1,
        1,
        1,
        1,
        null,
        null,
        1,
        null,
        1,
        1,
        1,
        1,
        1,
        null,
        1,
        null,
        null
      ],
      "/home/ubuntu/CS169-Group31/app/models/admin_user.rb": [
        1,
        null,
        null,
        null,
        1,
        null,
        null,
        null,
        1,
        null,
        null
      ],
      "/home/ubuntu/CS169-Group31/app/admin/profiles.rb": [
        1,
        1,
        1,
        1,
        1,
        1,
        1,
        1,
        1,
        1,
        1,
        null,
        1,
        null,
        null
      ],
      "/home/ubuntu/CS169-Group31/app/models/profile.rb": [
        1,
        1,
        null
      ],
      "/home/ubuntu/CS169-Group31/app/controllers/profiles_controller.rb": [
        1,
        null,
        1,
        null,
        1,
        0,
        0,
        0,
        null,
        0,
        0,
        0,
        0,
        0,
        null,
        null,
        null,
        null,
        null,
        null
      ],
      "/home/ubuntu/CS169-Group31/app/controllers/sessions_controller.rb": [
        1,
        1,
        3,
        3,
        2,
        2,
        null,
        null,
        1,
        1,
        null,
        null,
        null,
        null,
        1,
        1,
        1,
        1,
        null,
        null,
        null,
        null
      ],
      "/home/ubuntu/CS169-Group31/app/controllers/static_pages_controller.rb": [
        1,
        null,
        1,
        5,
        4,
        null,
        null,
        null,
        1,
        null,
        null,
        null,
        null
      ],
      "/home/ubuntu/CS169-Group31/app/controllers/survey_controller.rb": [
        1,
        null,
        1,
        null,
        1,
        null,
        null,
        null,
        1,
        6,
        1,
        1,
        null,
        3,
        3,
        null,
        2,
        1,
        1,
        null,
        1,
        1,
        null,
        null,
        4,
        4,
        4,
        4,
        null,
        0,
        0,
        null,
        null,
        4,
        null,
        null,
        1,
        null,
        null,
        null
      ],
      "/home/ubuntu/CS169-Group31/app/controllers/users_controller.rb": [
        1,
        null,
        1,
        null,
        1,
        11,
        11,
        null,
        null,
        1,
        6,
        6,
        0,
        null,
        6,
        null,
        null,
        6,
        6,
        6,
        6,
        6,
        6,
        6,
        null,
        null,
        null,
        1,
        0,
        0,
        null,
        null,
        1,
        0,
        0,
        0,
        0,
        0,
        0,
        0,
        null,
        0,
        0,
        null,
        null,
        null,
        1,
        1,
        null,
        null,
        1,
        0,
        0,
        0,
        0,
        0,
        0,
        null,
        0,
        0,
        null,
        null,
        null,
        null,
        1,
        null,
        null,
        null,
        1,
        9,
        9,
        7,
        7,
        7,
        null,
        2,
        2,
        4,
        null,
        null,
        null,
        null
      ],
      "/home/ubuntu/CS169-Group31/app/models/follow.rb": [
        1,
        null,
        1,
        1,
        null,
        null,
        1,
        1,
        null,
        1,
        0,
        null,
        null,
        null
      ]
    },
    "timestamp": 1354705469
  },
  "RSpec": {
    "coverage": {
      "/home/ubuntu/CS169-Group31/app/controllers/application_controller.rb": [
        1,
        1,
        1,
        null
      ],
      "/home/ubuntu/CS169-Group31/app/helpers/application_helper.rb": [
        1,
        null,
        null
      ],
      "/home/ubuntu/CS169-Group31/app/helpers/profiles_helper.rb": [
        1,
        null
      ],
      "/home/ubuntu/CS169-Group31/app/helpers/sessions_helper.rb": [
        1,
        null,
        1,
        0,
        0,
        null,
        null,
        1,
        0,
        0,
        null,
        null,
        1,
        0,
        null,
        null,
        1,
        0,
        null,
        null,
        1,
        0,
        0,
        null,
        null,
        null
      ],
      "/home/ubuntu/CS169-Group31/app/helpers/static_pages_helper.rb": [
        1,
        null
      ],
      "/home/ubuntu/CS169-Group31/app/helpers/users_helper.rb": [
        1,
        null
      ],
      "/home/ubuntu/CS169-Group31/app/controllers/profiles_controller.rb": [
        1,
        null,
        1,
        0,
        0,
        0,
        null,
        0,
        0,
        0,
        0,
        0,
        null,
        null,
        null,
        null,
        null,
        null
      ],
      "/home/ubuntu/CS169-Group31/app/models/profile.rb": [
        1,
        1,
        null
      ],
      "/home/ubuntu/CS169-Group31/app/controllers/sessions_controller.rb": [
        1,
        1,
        0,
        0,
        0,
        0,
        null,
        null,
        0,
        0,
        null,
        null,
        null,
        null,
        1,
        0,
        0,
        0,
        null,
        null,
        null,
        null
      ],
      "/home/ubuntu/CS169-Group31/app/controllers/static_pages_controller.rb": [
        1,
        null,
        1,
        0,
        0,
        null,
        null,
        null,
        1,
        null,
        null,
        null,
        null
      ],
      "/home/ubuntu/CS169-Group31/app/controllers/survey_controller.rb": [
        1,
        1,
        null,
        null,
        null,
        1,
        0,
        0,
        0,
        null,
        0,
        0,
        null,
        0,
        0,
        null,
        null,
        0,
        0,
        0,
        0,
        null,
        0,
        0,
        null,
        null,
        null,
        1,
        null,
        null,
        null
      ],
      "/home/ubuntu/CS169-Group31/app/models/survey.rb": [
        1,
        1,
        1,
        1,
        0,
        null,
        null,
        1,
        0,
        0,
        0,
        0,
        0,
        0,
        0,
        0,
        0,
        0,
        0,
        0,
        null,
        0,
        null,
        0,
        0,
        null,
        0,
        null,
        0,
        0,
        null,
        0,
        null,
        0,
        0,
        null,
        0,
        null,
        null,
        0,
        0,
        0,
        null,
        0,
        0,
        null,
        0,
        0,
        null,
        0,
        0,
        null,
        null,
        null,
        0,
        0,
        null,
        0,
        null,
        0,
        0,
        null,
        0,
        null,
        0,
        0,
        null,
        0,
        null,
        0,
        0,
        null,
        0,
        null,
        null,
        0,
        null,
        null,
        null
      ],
      "/home/ubuntu/CS169-Group31/app/controllers/users_controller.rb": [
        1,
        null,
        1,
        0,
        0,
        null,
        null,
        1,
        0,
        0,
        0,
        null,
        0,
        null,
        null,
        0,
        0,
        0,
        0,
        0,
        0,
        0,
        null,
        null,
        null,
        null,
        1,
        null,
        null,
        null,
        1,
        0,
        0,
        0,
        0,
        0,
        null,
        0,
        0,
        0,
        null,
        null,
        null,
        null
      ],
      "/home/ubuntu/CS169-Group31/app/models/user.rb": [
        1,
        null,
        1,
        null,
        1,
        null,
        1,
        null,
        2,
        1,
        null,
        1,
        1,
        null,
        null,
        1,
        1,
        1,
        1,
        null,
        1,
        1,
        null,
        null,
        1,
        1,
        null,
        null,
        1,
        null,
        1,
        1,
        null,
        null,
        null
      ]
    },
    "timestamp": 1352072805
  }
}
