{
  "Cucumber Features": {
    "coverage": {
      "/home/ubuntu/CS169-Group31/app/controllers/application_controller.rb": [
        1,
        1,
        1,
        1,
        null
      ],
      "/home/ubuntu/CS169-Group31/app/helpers/application_helper.rb": [
        1,
        null,
        null
      ],
      "/home/ubuntu/CS169-Group31/app/helpers/profiles_helper.rb": [
        1,
        null
      ],
      "/home/ubuntu/CS169-Group31/app/helpers/sessions_helper.rb": [
        1,
        null,
        1,
        7,
        7,
        null,
        null,
        1,
        43,
        43,
        null,
        null,
        1,
        11,
        null,
        null,
        1,
        8,
        null,
        null,
        1,
        105,
        null,
        null,
        1,
        1,
        1,
        null,
        null,
        null
      ],
      "/home/ubuntu/CS169-Group31/app/helpers/static_pages_helper.rb": [
        1,
        null
      ],
      "/home/ubuntu/CS169-Group31/app/helpers/users_helper.rb": [
        1,
        null,
        1,
        15,
        null,
        null,
        null
      ],
      "/home/ubuntu/CS169-Group31/app/admin/surveys.rb": [
        1,
        1,
        1,
        1,
        1,
        1,
        1,
        1,
        1,
        null,
        1,
        null,
        null
      ],
      "/home/ubuntu/CS169-Group31/app/models/survey.rb": [
        1,
        1,
        1,
        1,
        3,
        null,
        null,
        1,
        2,
        2,
        2,
        2,
        2,
        2,
        2,
        2,
        2,
        2,
        2,
        1,
        null,
        1,
        null,
        2,
        1,
        null,
        1,
        null,
        2,
        1,
        null,
        1,
        null,
        2,
        1,
        null,
        1,
        null,
        null,
        0,
        0,
        0,
        null,
        0,
        0,
        null,
        0,
        0,
        null,
        0,
        0,
        null,
        null,
        null,
        2,
        1,
        null,
        1,
        null,
        2,
        1,
        null,
        1,
        null,
        2,
        1,
        null,
        1,
        null,
        2,
        1,
        null,
        1,
        null,
        null,
        2,
        null,
        null,
        null
      ],
      "/home/ubuntu/CS169-Group31/app/admin/dashboard.rb": [
        1,
        null,
        9,
        null,
        5,
        2,
        2,
        2,
        2,
        null,
        null,
        null,
        null,
        null,
        null,
        null,
        null,
        null,
        null,
        null,
        null,
        null,
        null,
        null,
        null,
        null,
        null,
        null,
        null,
        null,
        null,
        null,
        null
      ],
      "/home/ubuntu/CS169-Group31/app/admin/users.rb": [
        1,
        1,
        1,
        1,
        1,
        1,
        1,
        1,
        null,
        1,
        null,
        null
      ],
      "/home/ubuntu/CS169-Group31/app/models/user.rb": [
        1,
        null,
        1,
        null,
        1,
        null,
        1,
        null,
        1,
        1,
        null,
        11,
        1,
        null,
        1,
        1,
        null,
        null,
        1,
        1,
        1,
        1,
        null,
        null,
        null,
        null,
        null,
        1,
        0,
        null,
        null,
        1,
        4,
        null,
        null,
        1,
        null,
        1,
        10,
        null,
        null,
        null,
        null
      ],
      "/home/ubuntu/CS169-Group31/app/admin/admin_user.rb": [
        1,
        1,
        0,
        0,
        0,
        0,
        0,
        null,
        null,
        1,
        null,
        1,
        0,
        0,
        0,
        0,
        null,
        0,
        null,
        null
      ],
      "/home/ubuntu/CS169-Group31/app/models/admin_user.rb": [
        1,
        null,
        null,
        null,
        1,
        null,
        null,
        null,
        1,
        null,
        null
      ],
      "/home/ubuntu/CS169-Group31/app/admin/profiles.rb": [
        1,
        1,
        0,
        0,
        0,
        0,
        0,
        0,
        0,
        0,
        0,
        null,
        0,
        null,
        null
      ],
      "/home/ubuntu/CS169-Group31/app/models/profile.rb": [
        1,
        1,
        null
      ],
      "/home/ubuntu/CS169-Group31/app/controllers/profiles_controller.rb": [
        1,
        null,
        1,
        null,
        1,
        0,
        0,
        0,
        null,
        0,
        0,
        0,
        0,
        0,
        null,
        null,
        null,
        null,
        null,
        null
      ],
      "/home/ubuntu/CS169-Group31/app/controllers/sessions_controller.rb": [
        1,
        1,
        3,
        3,
        2,
        2,
        null,
        null,
        1,
        1,
        null,
        null,
        null,
        null,
        1,
        1,
        1,
        1,
        null,
        null,
        null,
        null
      ],
      "/home/ubuntu/CS169-Group31/app/controllers/static_pages_controller.rb": [
        1,
        null,
        1,
        3,
        2,
        null,
        null,
        null,
        1,
        null,
        null,
        null,
        null
      ],
      "/home/ubuntu/CS169-Group31/app/controllers/survey_controller.rb": [
        1,
        null,
        1,
        null,
        1,
        null,
        null,
        null,
        1,
        4,
        1,
        1,
        null,
        2,
        2,
        null,
        1,
        1,
        1,
        null,
        0,
        0,
        null,
        null,
        2,
        2,
        2,
        2,
        null,
        0,
        0,
        null,
        null,
        2,
        null,
        null,
        1,
        null,
        null,
        null
      ],
      "/home/ubuntu/CS169-Group31/app/controllers/users_controller.rb": [
        1,
        null,
        1,
        null,
        1,
        9,
        9,
        null,
        null,
        1,
        4,
        4,
        0,
        null,
        4,
        null,
        null,
        4,
        4,
        4,
        4,
        4,
        4,
        4,
        null,
        null,
        null,
        1,
        0,
        0,
        null,
        null,
        1,
        0,
        0,
        0,
        0,
        0,
        0,
        0,
        null,
        0,
        0,
        null,
        null,
        null,
        1,
        0,
        null,
        null,
        1,
        0,
        0,
        0,
        0,
        0,
        0,
        null,
        0,
        0,
        null,
        null,
        null,
        null,
        1,
        null,
        null,
        null,
        1,
        7,
        7,
        5,
        5,
        5,
        null,
        2,
        2,
        4,
        null,
        null,
        null,
        null
      ],
      "/home/ubuntu/CS169-Group31/app/models/follow.rb": [
        1,
        null,
        1,
        1,
        null,
        null,
        1,
        1,
        null,
        1,
        0,
        null,
        null,
        null
      ]
    },
    "timestamp": 1354698876
  },
  "RSpec": {
    "coverage": {
      "/home/ubuntu/CS169-Group31/app/controllers/application_controller.rb": [
        1,
        1,
        1,
        null
      ],
      "/home/ubuntu/CS169-Group31/app/helpers/application_helper.rb": [
        1,
        null,
        null
      ],
      "/home/ubuntu/CS169-Group31/app/helpers/profiles_helper.rb": [
        1,
        null
      ],
      "/home/ubuntu/CS169-Group31/app/helpers/sessions_helper.rb": [
        1,
        null,
        1,
        0,
        0,
        null,
        null,
        1,
        0,
        0,
        null,
        null,
        1,
        0,
        null,
        null,
        1,
        0,
        null,
        null,
        1,
        0,
        0,
        null,
        null,
        null
      ],
      "/home/ubuntu/CS169-Group31/app/helpers/static_pages_helper.rb": [
        1,
        null
      ],
      "/home/ubuntu/CS169-Group31/app/helpers/users_helper.rb": [
        1,
        null
      ],
      "/home/ubuntu/CS169-Group31/app/controllers/profiles_controller.rb": [
        1,
        null,
        1,
        0,
        0,
        0,
        null,
        0,
        0,
        0,
        0,
        0,
        null,
        null,
        null,
        null,
        null,
        null
      ],
      "/home/ubuntu/CS169-Group31/app/models/profile.rb": [
        1,
        1,
        null
      ],
      "/home/ubuntu/CS169-Group31/app/controllers/sessions_controller.rb": [
        1,
        1,
        0,
        0,
        0,
        0,
        null,
        null,
        0,
        0,
        null,
        null,
        null,
        null,
        1,
        0,
        0,
        0,
        null,
        null,
        null,
        null
      ],
      "/home/ubuntu/CS169-Group31/app/controllers/static_pages_controller.rb": [
        1,
        null,
        1,
        0,
        0,
        null,
        null,
        null,
        1,
        null,
        null,
        null,
        null
      ],
      "/home/ubuntu/CS169-Group31/app/controllers/survey_controller.rb": [
        1,
        1,
        null,
        null,
        null,
        1,
        0,
        0,
        0,
        null,
        0,
        0,
        null,
        0,
        0,
        null,
        null,
        0,
        0,
        0,
        0,
        null,
        0,
        0,
        null,
        null,
        null,
        1,
        null,
        null,
        null
      ],
      "/home/ubuntu/CS169-Group31/app/models/survey.rb": [
        1,
        1,
        1,
        1,
        0,
        null,
        null,
        1,
        0,
        0,
        0,
        0,
        0,
        0,
        0,
        0,
        0,
        0,
        0,
        0,
        null,
        0,
        null,
        0,
        0,
        null,
        0,
        null,
        0,
        0,
        null,
        0,
        null,
        0,
        0,
        null,
        0,
        null,
        null,
        0,
        0,
        0,
        null,
        0,
        0,
        null,
        0,
        0,
        null,
        0,
        0,
        null,
        null,
        null,
        0,
        0,
        null,
        0,
        null,
        0,
        0,
        null,
        0,
        null,
        0,
        0,
        null,
        0,
        null,
        0,
        0,
        null,
        0,
        null,
        null,
        0,
        null,
        null,
        null
      ],
      "/home/ubuntu/CS169-Group31/app/controllers/users_controller.rb": [
        1,
        null,
        1,
        0,
        0,
        null,
        null,
        1,
        0,
        0,
        0,
        null,
        0,
        null,
        null,
        0,
        0,
        0,
        0,
        0,
        0,
        0,
        null,
        null,
        null,
        null,
        1,
        null,
        null,
        null,
        1,
        0,
        0,
        0,
        0,
        0,
        null,
        0,
        0,
        0,
        null,
        null,
        null,
        null
      ],
      "/home/ubuntu/CS169-Group31/app/models/user.rb": [
        1,
        null,
        1,
        null,
        1,
        null,
        1,
        null,
        2,
        1,
        null,
        1,
        1,
        null,
        null,
        1,
        1,
        1,
        1,
        null,
        1,
        1,
        null,
        null,
        1,
        1,
        null,
        null,
        1,
        null,
        1,
        1,
        null,
        null,
        null
      ]
    },
    "timestamp": 1352072805
  }
}
